<?xml version="1.0" encoding="UTF-8"?>
<testsuite xmlns:xsi="http://www.w3.org/2001/XMLSchema-instance" xsi:noNamespaceSchemaLocation="https://maven.apache.org/surefire/maven-surefire-plugin/xsd/surefire-test-report.xsd" name="com.flowable.testing.cucumbertest.CucumberTestApplicationTests" time="0.192" tests="1" errors="0" skipped="0" failures="0">
  <properties>
    <property name="sun.desktop" value="windows"/>
    <property name="awt.toolkit" value="sun.awt.windows.WToolkit"/>
    <property name="file.encoding.pkg" value="sun.io"/>
    <property name="java.specification.version" value="1.8"/>
    <property name="sun.cpu.isalist" value="amd64"/>
    <property name="sun.jnu.encoding" value="Cp1252"/>
    <property name="java.class.path" value="C:\Dev\Work\flowable-cucumber\target\test-classes;C:\Dev\Work\flowable-cucumber\target\classes;C:\Users\Stoeoeoe\.m2\repository\org\springframework\boot\spring-boot-starter\2.1.4.RELEASE\spring-boot-starter-2.1.4.RELEASE.jar;C:\Users\Stoeoeoe\.m2\repository\org\springframework\boot\spring-boot\2.1.4.RELEASE\spring-boot-2.1.4.RELEASE.jar;C:\Users\Stoeoeoe\.m2\repository\org\springframework\spring-context\5.1.6.RELEASE\spring-context-5.1.6.RELEASE.jar;C:\Users\Stoeoeoe\.m2\repository\org\springframework\spring-aop\5.1.6.RELEASE\spring-aop-5.1.6.RELEASE.jar;C:\Users\Stoeoeoe\.m2\repository\org\springframework\spring-expression\5.1.6.RELEASE\spring-expression-5.1.6.RELEASE.jar;C:\Users\Stoeoeoe\.m2\repository\org\springframework\boot\spring-boot-autoconfigure\2.1.4.RELEASE\spring-boot-autoconfigure-2.1.4.RELEASE.jar;C:\Users\Stoeoeoe\.m2\repository\org\springframework\boot\spring-boot-starter-logging\2.1.4.RELEASE\spring-boot-starter-logging-2.1.4.RELEASE.jar;C:\Users\Stoeoeoe\.m2\repository\ch\qos\logback\logback-classic\1.2.3\logback-classic-1.2.3.jar;C:\Users\Stoeoeoe\.m2\repository\ch\qos\logback\logback-core\1.2.3\logback-core-1.2.3.jar;C:\Users\Stoeoeoe\.m2\repository\org\apache\logging\log4j\log4j-to-slf4j\2.11.2\log4j-to-slf4j-2.11.2.jar;C:\Users\Stoeoeoe\.m2\repository\org\apache\logging\log4j\log4j-api\2.11.2\log4j-api-2.11.2.jar;C:\Users\Stoeoeoe\.m2\repository\org\slf4j\jul-to-slf4j\1.7.26\jul-to-slf4j-1.7.26.jar;C:\Users\Stoeoeoe\.m2\repository\javax\annotation\javax.annotation-api\1.3.2\javax.annotation-api-1.3.2.jar;C:\Users\Stoeoeoe\.m2\repository\org\springframework\spring-core\5.1.6.RELEASE\spring-core-5.1.6.RELEASE.jar;C:\Users\Stoeoeoe\.m2\repository\org\springframework\spring-jcl\5.1.6.RELEASE\spring-jcl-5.1.6.RELEASE.jar;C:\Users\Stoeoeoe\.m2\repository\org\yaml\snakeyaml\1.23\snakeyaml-1.23.jar;C:\Users\Stoeoeoe\.m2\repository\org\springframework\boot\spring-boot-devtools\2.1.4.RELEASE\spring-boot-devtools-2.1.4.RELEASE.jar;C:\Users\Stoeoeoe\.m2\repository\org\springframework\boot\spring-boot-starter-test\2.1.4.RELEASE\spring-boot-starter-test-2.1.4.RELEASE.jar;C:\Users\Stoeoeoe\.m2\repository\org\springframework\boot\spring-boot-test\2.1.4.RELEASE\spring-boot-test-2.1.4.RELEASE.jar;C:\Users\Stoeoeoe\.m2\repository\org\springframework\boot\spring-boot-test-autoconfigure\2.1.4.RELEASE\spring-boot-test-autoconfigure-2.1.4.RELEASE.jar;C:\Users\Stoeoeoe\.m2\repository\com\jayway\jsonpath\json-path\2.4.0\json-path-2.4.0.jar;C:\Users\Stoeoeoe\.m2\repository\net\minidev\json-smart\2.3\json-smart-2.3.jar;C:\Users\Stoeoeoe\.m2\repository\net\minidev\accessors-smart\1.2\accessors-smart-1.2.jar;C:\Users\Stoeoeoe\.m2\repository\org\ow2\asm\asm\5.0.4\asm-5.0.4.jar;C:\Users\Stoeoeoe\.m2\repository\junit\junit\4.12\junit-4.12.jar;C:\Users\Stoeoeoe\.m2\repository\org\assertj\assertj-core\3.11.1\assertj-core-3.11.1.jar;C:\Users\Stoeoeoe\.m2\repository\org\mockito\mockito-core\2.23.4\mockito-core-2.23.4.jar;C:\Users\Stoeoeoe\.m2\repository\net\bytebuddy\byte-buddy\1.9.12\byte-buddy-1.9.12.jar;C:\Users\Stoeoeoe\.m2\repository\net\bytebuddy\byte-buddy-agent\1.9.12\byte-buddy-agent-1.9.12.jar;C:\Users\Stoeoeoe\.m2\repository\org\objenesis\objenesis\2.6\objenesis-2.6.jar;C:\Users\Stoeoeoe\.m2\repository\org\hamcrest\hamcrest-core\1.3\hamcrest-core-1.3.jar;C:\Users\Stoeoeoe\.m2\repository\org\hamcrest\hamcrest-library\1.3\hamcrest-library-1.3.jar;C:\Users\Stoeoeoe\.m2\repository\org\skyscreamer\jsonassert\1.5.0\jsonassert-1.5.0.jar;C:\Users\Stoeoeoe\.m2\repository\com\vaadin\external\google\android-json\0.0.20131108.vaadin1\android-json-0.0.20131108.vaadin1.jar;C:\Users\Stoeoeoe\.m2\repository\org\springframework\spring-test\5.1.6.RELEASE\spring-test-5.1.6.RELEASE.jar;C:\Users\Stoeoeoe\.m2\repository\org\xmlunit\xmlunit-core\2.6.2\xmlunit-core-2.6.2.jar;C:\Users\Stoeoeoe\.m2\repository\info\cukes\cucumber-java\1.2.5\cucumber-java-1.2.5.jar;C:\Users\Stoeoeoe\.m2\repository\info\cukes\cucumber-core\1.2.5\cucumber-core-1.2.5.jar;C:\Users\Stoeoeoe\.m2\repository\info\cukes\cucumber-html\0.2.3\cucumber-html-0.2.3.jar;C:\Users\Stoeoeoe\.m2\repository\info\cukes\cucumber-jvm-deps\1.0.5\cucumber-jvm-deps-1.0.5.jar;C:\Users\Stoeoeoe\.m2\repository\info\cukes\gherkin\2.12.2\gherkin-2.12.2.jar;C:\Users\Stoeoeoe\.m2\repository\info\cukes\cucumber-junit\1.2.5\cucumber-junit-1.2.5.jar;C:\Users\Stoeoeoe\.m2\repository\info\cukes\cucumber-spring\1.2.5\cucumber-spring-1.2.5.jar;C:\Users\Stoeoeoe\.m2\repository\org\flowable\flowable-spring-boot-starter\6.4.1\flowable-spring-boot-starter-6.4.1.jar;C:\Users\Stoeoeoe\.m2\repository\org\flowable\flowable-spring-boot-autoconfigure\6.4.1\flowable-spring-boot-autoconfigure-6.4.1.jar;C:\Users\Stoeoeoe\.m2\repository\org\flowable\flowable-spring-security\6.4.1\flowable-spring-security-6.4.1.jar;C:\Users\Stoeoeoe\.m2\repository\org\flowable\flowable-idm-api\6.4.1\flowable-idm-api-6.4.1.jar;C:\Users\Stoeoeoe\.m2\repository\org\flowable\flowable-spring-boot-starter-app\6.4.1\flowable-spring-boot-starter-app-6.4.1.jar;C:\Users\Stoeoeoe\.m2\repository\org\flowable\flowable-app-engine\6.4.1\flowable-app-engine-6.4.1.jar;C:\Users\Stoeoeoe\.m2\repository\org\flowable\flowable-app-engine-api\6.4.1\flowable-app-engine-api-6.4.1.jar;C:\Users\Stoeoeoe\.m2\repository\org\flowable\flowable-idm-engine\6.4.1\flowable-idm-engine-6.4.1.jar;C:\Users\Stoeoeoe\.m2\repository\commons-codec\commons-codec\1.11\commons-codec-1.11.jar;C:\Users\Stoeoeoe\.m2\repository\org\flowable\flowable-variable-service\6.4.1\flowable-variable-service-6.4.1.jar;C:\Users\Stoeoeoe\.m2\repository\org\flowable\flowable-identitylink-service\6.4.1\flowable-identitylink-service-6.4.1.jar;C:\Users\Stoeoeoe\.m2\repository\org\flowable\flowable-identitylink-service-api\6.4.1\flowable-identitylink-service-api-6.4.1.jar;C:\Users\Stoeoeoe\.m2\repository\org\flowable\flowable-dmn-api\6.4.1\flowable-dmn-api-6.4.1.jar;C:\Users\Stoeoeoe\.m2\repository\org\flowable\flowable-app-engine-spring\6.4.1\flowable-app-engine-spring-6.4.1.jar;C:\Users\Stoeoeoe\.m2\repository\org\springframework\spring-tx\5.1.6.RELEASE\spring-tx-5.1.6.RELEASE.jar;C:\Users\Stoeoeoe\.m2\repository\org\slf4j\jcl-over-slf4j\1.7.26\jcl-over-slf4j-1.7.26.jar;C:\Users\Stoeoeoe\.m2\repository\org\flowable\flowable-spring-boot-starter-process\6.4.1\flowable-spring-boot-starter-process-6.4.1.jar;C:\Users\Stoeoeoe\.m2\repository\org\flowable\flowable-engine\6.4.1\flowable-engine-6.4.1.jar;C:\Users\Stoeoeoe\.m2\repository\org\flowable\flowable-bpmn-converter\6.4.1\flowable-bpmn-converter-6.4.1.jar;C:\Users\Stoeoeoe\.m2\repository\org\flowable\flowable-bpmn-model\6.4.1\flowable-bpmn-model-6.4.1.jar;C:\Users\Stoeoeoe\.m2\repository\org\flowable\flowable-process-validation\6.4.1\flowable-process-validation-6.4.1.jar;C:\Users\Stoeoeoe\.m2\repository\org\flowable\flowable-image-generator\6.4.1\flowable-image-generator-6.4.1.jar;C:\Users\Stoeoeoe\.m2\repository\org\flowable\flowable-entitylink-service\6.4.1\flowable-entitylink-service-6.4.1.jar;C:\Users\Stoeoeoe\.m2\repository\org\flowable\flowable-entitylink-service-api\6.4.1\flowable-entitylink-service-api-6.4.1.jar;C:\Users\Stoeoeoe\.m2\repository\org\flowable\flowable-task-service\6.4.1\flowable-task-service-6.4.1.jar;C:\Users\Stoeoeoe\.m2\repository\org\flowable\flowable-task-service-api\6.4.1\flowable-task-service-api-6.4.1.jar;C:\Users\Stoeoeoe\.m2\repository\org\flowable\flowable-job-service\6.4.1\flowable-job-service-6.4.1.jar;C:\Users\Stoeoeoe\.m2\repository\org\flowable\flowable-job-service-api\6.4.1\flowable-job-service-api-6.4.1.jar;C:\Users\Stoeoeoe\.m2\repository\org\flowable\flowable-cmmn-api\6.4.1\flowable-cmmn-api-6.4.1.jar;C:\Users\Stoeoeoe\.m2\repository\org\flowable\flowable-cmmn-model\6.4.1\flowable-cmmn-model-6.4.1.jar;C:\Users\Stoeoeoe\.m2\repository\org\flowable\flowable-content-api\6.4.1\flowable-content-api-6.4.1.jar;C:\Users\Stoeoeoe\.m2\repository\org\apache\commons\commons-email\1.5\commons-email-1.5.jar;C:\Users\Stoeoeoe\.m2\repository\com\sun\mail\javax.mail\1.6.2\javax.mail-1.6.2.jar;C:\Users\Stoeoeoe\.m2\repository\javax\activation\activation\1.1\activation-1.1.jar;C:\Users\Stoeoeoe\.m2\repository\org\flowable\flowable-spring\6.4.1\flowable-spring-6.4.1.jar;C:\Users\Stoeoeoe\.m2\repository\org\flowable\flowable-job-spring-service\6.4.1\flowable-job-spring-service-6.4.1.jar;C:\Users\Stoeoeoe\.m2\repository\org\springframework\spring-orm\5.1.6.RELEASE\spring-orm-5.1.6.RELEASE.jar;C:\Users\Stoeoeoe\.m2\repository\org\flowable\flowable-spring-boot-starter-cmmn\6.4.1\flowable-spring-boot-starter-cmmn-6.4.1.jar;C:\Users\Stoeoeoe\.m2\repository\org\flowable\flowable-cmmn-engine\6.4.1\flowable-cmmn-engine-6.4.1.jar;C:\Users\Stoeoeoe\.m2\repository\org\flowable\flowable-cmmn-image-generator\6.4.1\flowable-cmmn-image-generator-6.4.1.jar;C:\Users\Stoeoeoe\.m2\repository\org\flowable\flowable-cmmn-converter\6.4.1\flowable-cmmn-converter-6.4.1.jar;C:\Users\Stoeoeoe\.m2\repository\org\flowable\flowable-cmmn-spring\6.4.1\flowable-cmmn-spring-6.4.1.jar;C:\Users\Stoeoeoe\.m2\repository\org\flowable\flowable-spring-boot-starter-dmn\6.4.1\flowable-spring-boot-starter-dmn-6.4.1.jar;C:\Users\Stoeoeoe\.m2\repository\org\flowable\flowable-dmn-engine\6.4.1\flowable-dmn-engine-6.4.1.jar;C:\Users\Stoeoeoe\.m2\repository\org\flowable\flowable-dmn-model\6.4.1\flowable-dmn-model-6.4.1.jar;C:\Users\Stoeoeoe\.m2\repository\org\flowable\flowable-dmn-xml-converter\6.4.1\flowable-dmn-xml-converter-6.4.1.jar;C:\Users\Stoeoeoe\.m2\repository\org\flowable\flowable-dmn-spring\6.4.1\flowable-dmn-spring-6.4.1.jar;C:\Users\Stoeoeoe\.m2\repository\org\springframework\boot\spring-boot-starter-jdbc\2.1.4.RELEASE\spring-boot-starter-jdbc-2.1.4.RELEASE.jar;C:\Users\Stoeoeoe\.m2\repository\com\zaxxer\HikariCP\3.2.0\HikariCP-3.2.0.jar;C:\Users\Stoeoeoe\.m2\repository\org\springframework\spring-jdbc\5.1.6.RELEASE\spring-jdbc-5.1.6.RELEASE.jar;C:\Users\Stoeoeoe\.m2\repository\org\flowable\flowable-spring-configurator\6.4.1\flowable-spring-configurator-6.4.1.jar;C:\Users\Stoeoeoe\.m2\repository\org\flowable\flowable-engine-configurator\6.4.1\flowable-engine-configurator-6.4.1.jar;C:\Users\Stoeoeoe\.m2\repository\org\flowable\flowable-cmmn-spring-configurator\6.4.1\flowable-cmmn-spring-configurator-6.4.1.jar;C:\Users\Stoeoeoe\.m2\repository\org\flowable\flowable-cmmn-engine-configurator\6.4.1\flowable-cmmn-engine-configurator-6.4.1.jar;C:\Users\Stoeoeoe\.m2\repository\org\flowable\flowable-dmn-spring-configurator\6.4.1\flowable-dmn-spring-configurator-6.4.1.jar;C:\Users\Stoeoeoe\.m2\repository\org\flowable\flowable-dmn-engine-configurator\6.4.1\flowable-dmn-engine-configurator-6.4.1.jar;C:\Users\Stoeoeoe\.m2\repository\org\flowable\flowable-form-spring-configurator\6.4.1\flowable-form-spring-configurator-6.4.1.jar;C:\Users\Stoeoeoe\.m2\repository\org\flowable\flowable-form-spring\6.4.1\flowable-form-spring-6.4.1.jar;C:\Users\Stoeoeoe\.m2\repository\org\flowable\flowable-form-engine-configurator\6.4.1\flowable-form-engine-configurator-6.4.1.jar;C:\Users\Stoeoeoe\.m2\repository\org\flowable\flowable-content-spring-configurator\6.4.1\flowable-content-spring-configurator-6.4.1.jar;C:\Users\Stoeoeoe\.m2\repository\org\flowable\flowable-content-spring\6.4.1\flowable-content-spring-6.4.1.jar;C:\Users\Stoeoeoe\.m2\repository\org\flowable\flowable-content-engine\6.4.1\flowable-content-engine-6.4.1.jar;C:\Users\Stoeoeoe\.m2\repository\org\flowable\flowable-content-engine-configurator\6.4.1\flowable-content-engine-configurator-6.4.1.jar;C:\Users\Stoeoeoe\.m2\repository\org\flowable\flowable-idm-spring-configurator\6.4.1\flowable-idm-spring-configurator-6.4.1.jar;C:\Users\Stoeoeoe\.m2\repository\org\flowable\flowable-spring-common\6.4.1\flowable-spring-common-6.4.1.jar;C:\Users\Stoeoeoe\.m2\repository\org\flowable\flowable-idm-spring\6.4.1\flowable-idm-spring-6.4.1.jar;C:\Users\Stoeoeoe\.m2\repository\org\flowable\flowable-idm-engine-configurator\6.4.1\flowable-idm-engine-configurator-6.4.1.jar;C:\Users\Stoeoeoe\.m2\repository\org\flowable\flowable-form-engine\6.4.1\flowable-form-engine-6.4.1.jar;C:\Users\Stoeoeoe\.m2\repository\org\flowable\flowable-form-model\6.4.1\flowable-form-model-6.4.1.jar;C:\Users\Stoeoeoe\.m2\repository\com\fasterxml\jackson\core\jackson-core\2.9.8\jackson-core-2.9.8.jar;C:\Users\Stoeoeoe\.m2\repository\com\fasterxml\jackson\core\jackson-databind\2.9.8\jackson-databind-2.9.8.jar;C:\Users\Stoeoeoe\.m2\repository\com\fasterxml\jackson\core\jackson-annotations\2.9.0\jackson-annotations-2.9.0.jar;C:\Users\Stoeoeoe\.m2\repository\org\flowable\flowable-form-api\6.4.1\flowable-form-api-6.4.1.jar;C:\Users\Stoeoeoe\.m2\repository\org\flowable\flowable-form-json-converter\6.4.1\flowable-form-json-converter-6.4.1.jar;C:\Users\Stoeoeoe\.m2\repository\org\flowable\flowable-engine-common-api\6.4.1\flowable-engine-common-api-6.4.1.jar;C:\Users\Stoeoeoe\.m2\repository\org\flowable\flowable-engine-common\6.4.1\flowable-engine-common-6.4.1.jar;C:\Users\Stoeoeoe\.m2\repository\org\flowable\flowable-variable-service-api\6.4.1\flowable-variable-service-api-6.4.1.jar;C:\Users\Stoeoeoe\.m2\repository\org\apache\commons\commons-lang3\3.8.1\commons-lang3-3.8.1.jar;C:\Users\Stoeoeoe\.m2\repository\commons-io\commons-io\2.6\commons-io-2.6.jar;C:\Users\Stoeoeoe\.m2\repository\commons-logging\commons-logging\1.2\commons-logging-1.2.jar;C:\Users\Stoeoeoe\.m2\repository\org\slf4j\slf4j-api\1.7.26\slf4j-api-1.7.26.jar;C:\Users\Stoeoeoe\.m2\repository\org\mybatis\mybatis\3.4.6\mybatis-3.4.6.jar;C:\Users\Stoeoeoe\.m2\repository\org\springframework\spring-beans\5.1.6.RELEASE\spring-beans-5.1.6.RELEASE.jar;C:\Users\Stoeoeoe\.m2\repository\joda-time\joda-time\2.10.1\joda-time-2.10.1.jar;C:\Users\Stoeoeoe\.m2\repository\com\fasterxml\uuid\java-uuid-generator\3.1.5\java-uuid-generator-3.1.5.jar;C:\Users\Stoeoeoe\.m2\repository\org\liquibase\liquibase-core\3.6.3\liquibase-core-3.6.3.jar;C:\Users\Stoeoeoe\.m2\repository\com\h2database\h2\1.4.199\h2-1.4.199.jar;C:\Users\Stoeoeoe\.m2\repository\org\junit\jupiter\junit-jupiter-api\5.3.2\junit-jupiter-api-5.3.2.jar;C:\Users\Stoeoeoe\.m2\repository\org\apiguardian\apiguardian-api\1.0.0\apiguardian-api-1.0.0.jar;C:\Users\Stoeoeoe\.m2\repository\org\opentest4j\opentest4j\1.1.1\opentest4j-1.1.1.jar;C:\Users\Stoeoeoe\.m2\repository\org\junit\platform\junit-platform-commons\1.3.2\junit-platform-commons-1.3.2.jar;"/>
    <property name="java.vm.vendor" value="Oracle Corporation"/>
    <property name="sun.arch.data.model" value="64"/>
    <property name="user.variant" value=""/>
    <property name="java.vendor.url" value="http://java.oracle.com/"/>
    <property name="user.timezone" value="Europe/Berlin"/>
    <property name="java.vm.specification.version" value="1.8"/>
    <property name="os.name" value="Windows 10"/>
    <property name="user.country" value="US"/>
    <property name="sun.java.launcher" value="SUN_STANDARD"/>
    <property name="sun.boot.library.path" value="C:\Program Files\Java\jdk1.8.0_152\jre\bin"/>
    <property name="sun.java.command" value="C:\Users\Stoeoeoe\AppData\Local\Temp\surefire5657738550857883654\surefirebooter4853735406524078638.jar C:\Users\Stoeoeoe\AppData\Local\Temp\surefire5657738550857883654 2019-04-20T11-57-15_054-jvmRun1 surefire892470035247391045tmp surefire_04040285574760892256tmp"/>
    <property name="surefire.test.class.path" value="C:\Dev\Work\flowable-cucumber\target\test-classes;C:\Dev\Work\flowable-cucumber\target\classes;C:\Users\Stoeoeoe\.m2\repository\org\springframework\boot\spring-boot-starter\2.1.4.RELEASE\spring-boot-starter-2.1.4.RELEASE.jar;C:\Users\Stoeoeoe\.m2\repository\org\springframework\boot\spring-boot\2.1.4.RELEASE\spring-boot-2.1.4.RELEASE.jar;C:\Users\Stoeoeoe\.m2\repository\org\springframework\spring-context\5.1.6.RELEASE\spring-context-5.1.6.RELEASE.jar;C:\Users\Stoeoeoe\.m2\repository\org\springframework\spring-aop\5.1.6.RELEASE\spring-aop-5.1.6.RELEASE.jar;C:\Users\Stoeoeoe\.m2\repository\org\springframework\spring-expression\5.1.6.RELEASE\spring-expression-5.1.6.RELEASE.jar;C:\Users\Stoeoeoe\.m2\repository\org\springframework\boot\spring-boot-autoconfigure\2.1.4.RELEASE\spring-boot-autoconfigure-2.1.4.RELEASE.jar;C:\Users\Stoeoeoe\.m2\repository\org\springframework\boot\spring-boot-starter-logging\2.1.4.RELEASE\spring-boot-starter-logging-2.1.4.RELEASE.jar;C:\Users\Stoeoeoe\.m2\repository\ch\qos\logback\logback-classic\1.2.3\logback-classic-1.2.3.jar;C:\Users\Stoeoeoe\.m2\repository\ch\qos\logback\logback-core\1.2.3\logback-core-1.2.3.jar;C:\Users\Stoeoeoe\.m2\repository\org\apache\logging\log4j\log4j-to-slf4j\2.11.2\log4j-to-slf4j-2.11.2.jar;C:\Users\Stoeoeoe\.m2\repository\org\apache\logging\log4j\log4j-api\2.11.2\log4j-api-2.11.2.jar;C:\Users\Stoeoeoe\.m2\repository\org\slf4j\jul-to-slf4j\1.7.26\jul-to-slf4j-1.7.26.jar;C:\Users\Stoeoeoe\.m2\repository\javax\annotation\javax.annotation-api\1.3.2\javax.annotation-api-1.3.2.jar;C:\Users\Stoeoeoe\.m2\repository\org\springframework\spring-core\5.1.6.RELEASE\spring-core-5.1.6.RELEASE.jar;C:\Users\Stoeoeoe\.m2\repository\org\springframework\spring-jcl\5.1.6.RELEASE\spring-jcl-5.1.6.RELEASE.jar;C:\Users\Stoeoeoe\.m2\repository\org\yaml\snakeyaml\1.23\snakeyaml-1.23.jar;C:\Users\Stoeoeoe\.m2\repository\org\springframework\boot\spring-boot-devtools\2.1.4.RELEASE\spring-boot-devtools-2.1.4.RELEASE.jar;C:\Users\Stoeoeoe\.m2\repository\org\springframework\boot\spring-boot-starter-test\2.1.4.RELEASE\spring-boot-starter-test-2.1.4.RELEASE.jar;C:\Users\Stoeoeoe\.m2\repository\org\springframework\boot\spring-boot-test\2.1.4.RELEASE\spring-boot-test-2.1.4.RELEASE.jar;C:\Users\Stoeoeoe\.m2\repository\org\springframework\boot\spring-boot-test-autoconfigure\2.1.4.RELEASE\spring-boot-test-autoconfigure-2.1.4.RELEASE.jar;C:\Users\Stoeoeoe\.m2\repository\com\jayway\jsonpath\json-path\2.4.0\json-path-2.4.0.jar;C:\Users\Stoeoeoe\.m2\repository\net\minidev\json-smart\2.3\json-smart-2.3.jar;C:\Users\Stoeoeoe\.m2\repository\net\minidev\accessors-smart\1.2\accessors-smart-1.2.jar;C:\Users\Stoeoeoe\.m2\repository\org\ow2\asm\asm\5.0.4\asm-5.0.4.jar;C:\Users\Stoeoeoe\.m2\repository\junit\junit\4.12\junit-4.12.jar;C:\Users\Stoeoeoe\.m2\repository\org\assertj\assertj-core\3.11.1\assertj-core-3.11.1.jar;C:\Users\Stoeoeoe\.m2\repository\org\mockito\mockito-core\2.23.4\mockito-core-2.23.4.jar;C:\Users\Stoeoeoe\.m2\repository\net\bytebuddy\byte-buddy\1.9.12\byte-buddy-1.9.12.jar;C:\Users\Stoeoeoe\.m2\repository\net\bytebuddy\byte-buddy-agent\1.9.12\byte-buddy-agent-1.9.12.jar;C:\Users\Stoeoeoe\.m2\repository\org\objenesis\objenesis\2.6\objenesis-2.6.jar;C:\Users\Stoeoeoe\.m2\repository\org\hamcrest\hamcrest-core\1.3\hamcrest-core-1.3.jar;C:\Users\Stoeoeoe\.m2\repository\org\hamcrest\hamcrest-library\1.3\hamcrest-library-1.3.jar;C:\Users\Stoeoeoe\.m2\repository\org\skyscreamer\jsonassert\1.5.0\jsonassert-1.5.0.jar;C:\Users\Stoeoeoe\.m2\repository\com\vaadin\external\google\android-json\0.0.20131108.vaadin1\android-json-0.0.20131108.vaadin1.jar;C:\Users\Stoeoeoe\.m2\repository\org\springframework\spring-test\5.1.6.RELEASE\spring-test-5.1.6.RELEASE.jar;C:\Users\Stoeoeoe\.m2\repository\org\xmlunit\xmlunit-core\2.6.2\xmlunit-core-2.6.2.jar;C:\Users\Stoeoeoe\.m2\repository\info\cukes\cucumber-java\1.2.5\cucumber-java-1.2.5.jar;C:\Users\Stoeoeoe\.m2\repository\info\cukes\cucumber-core\1.2.5\cucumber-core-1.2.5.jar;C:\Users\Stoeoeoe\.m2\repository\info\cukes\cucumber-html\0.2.3\cucumber-html-0.2.3.jar;C:\Users\Stoeoeoe\.m2\repository\info\cukes\cucumber-jvm-deps\1.0.5\cucumber-jvm-deps-1.0.5.jar;C:\Users\Stoeoeoe\.m2\repository\info\cukes\gherkin\2.12.2\gherkin-2.12.2.jar;C:\Users\Stoeoeoe\.m2\repository\info\cukes\cucumber-junit\1.2.5\cucumber-junit-1.2.5.jar;C:\Users\Stoeoeoe\.m2\repository\info\cukes\cucumber-spring\1.2.5\cucumber-spring-1.2.5.jar;C:\Users\Stoeoeoe\.m2\repository\org\flowable\flowable-spring-boot-starter\6.4.1\flowable-spring-boot-starter-6.4.1.jar;C:\Users\Stoeoeoe\.m2\repository\org\flowable\flowable-spring-boot-autoconfigure\6.4.1\flowable-spring-boot-autoconfigure-6.4.1.jar;C:\Users\Stoeoeoe\.m2\repository\org\flowable\flowable-spring-security\6.4.1\flowable-spring-security-6.4.1.jar;C:\Users\Stoeoeoe\.m2\repository\org\flowable\flowable-idm-api\6.4.1\flowable-idm-api-6.4.1.jar;C:\Users\Stoeoeoe\.m2\repository\org\flowable\flowable-spring-boot-starter-app\6.4.1\flowable-spring-boot-starter-app-6.4.1.jar;C:\Users\Stoeoeoe\.m2\repository\org\flowable\flowable-app-engine\6.4.1\flowable-app-engine-6.4.1.jar;C:\Users\Stoeoeoe\.m2\repository\org\flowable\flowable-app-engine-api\6.4.1\flowable-app-engine-api-6.4.1.jar;C:\Users\Stoeoeoe\.m2\repository\org\flowable\flowable-idm-engine\6.4.1\flowable-idm-engine-6.4.1.jar;C:\Users\Stoeoeoe\.m2\repository\commons-codec\commons-codec\1.11\commons-codec-1.11.jar;C:\Users\Stoeoeoe\.m2\repository\org\flowable\flowable-variable-service\6.4.1\flowable-variable-service-6.4.1.jar;C:\Users\Stoeoeoe\.m2\repository\org\flowable\flowable-identitylink-service\6.4.1\flowable-identitylink-service-6.4.1.jar;C:\Users\Stoeoeoe\.m2\repository\org\flowable\flowable-identitylink-service-api\6.4.1\flowable-identitylink-service-api-6.4.1.jar;C:\Users\Stoeoeoe\.m2\repository\org\flowable\flowable-dmn-api\6.4.1\flowable-dmn-api-6.4.1.jar;C:\Users\Stoeoeoe\.m2\repository\org\flowable\flowable-app-engine-spring\6.4.1\flowable-app-engine-spring-6.4.1.jar;C:\Users\Stoeoeoe\.m2\repository\org\springframework\spring-tx\5.1.6.RELEASE\spring-tx-5.1.6.RELEASE.jar;C:\Users\Stoeoeoe\.m2\repository\org\slf4j\jcl-over-slf4j\1.7.26\jcl-over-slf4j-1.7.26.jar;C:\Users\Stoeoeoe\.m2\repository\org\flowable\flowable-spring-boot-starter-process\6.4.1\flowable-spring-boot-starter-process-6.4.1.jar;C:\Users\Stoeoeoe\.m2\repository\org\flowable\flowable-engine\6.4.1\flowable-engine-6.4.1.jar;C:\Users\Stoeoeoe\.m2\repository\org\flowable\flowable-bpmn-converter\6.4.1\flowable-bpmn-converter-6.4.1.jar;C:\Users\Stoeoeoe\.m2\repository\org\flowable\flowable-bpmn-model\6.4.1\flowable-bpmn-model-6.4.1.jar;C:\Users\Stoeoeoe\.m2\repository\org\flowable\flowable-process-validation\6.4.1\flowable-process-validation-6.4.1.jar;C:\Users\Stoeoeoe\.m2\repository\org\flowable\flowable-image-generator\6.4.1\flowable-image-generator-6.4.1.jar;C:\Users\Stoeoeoe\.m2\repository\org\flowable\flowable-entitylink-service\6.4.1\flowable-entitylink-service-6.4.1.jar;C:\Users\Stoeoeoe\.m2\repository\org\flowable\flowable-entitylink-service-api\6.4.1\flowable-entitylink-service-api-6.4.1.jar;C:\Users\Stoeoeoe\.m2\repository\org\flowable\flowable-task-service\6.4.1\flowable-task-service-6.4.1.jar;C:\Users\Stoeoeoe\.m2\repository\org\flowable\flowable-task-service-api\6.4.1\flowable-task-service-api-6.4.1.jar;C:\Users\Stoeoeoe\.m2\repository\org\flowable\flowable-job-service\6.4.1\flowable-job-service-6.4.1.jar;C:\Users\Stoeoeoe\.m2\repository\org\flowable\flowable-job-service-api\6.4.1\flowable-job-service-api-6.4.1.jar;C:\Users\Stoeoeoe\.m2\repository\org\flowable\flowable-cmmn-api\6.4.1\flowable-cmmn-api-6.4.1.jar;C:\Users\Stoeoeoe\.m2\repository\org\flowable\flowable-cmmn-model\6.4.1\flowable-cmmn-model-6.4.1.jar;C:\Users\Stoeoeoe\.m2\repository\org\flowable\flowable-content-api\6.4.1\flowable-content-api-6.4.1.jar;C:\Users\Stoeoeoe\.m2\repository\org\apache\commons\commons-email\1.5\commons-email-1.5.jar;C:\Users\Stoeoeoe\.m2\repository\com\sun\mail\javax.mail\1.6.2\javax.mail-1.6.2.jar;C:\Users\Stoeoeoe\.m2\repository\javax\activation\activation\1.1\activation-1.1.jar;C:\Users\Stoeoeoe\.m2\repository\org\flowable\flowable-spring\6.4.1\flowable-spring-6.4.1.jar;C:\Users\Stoeoeoe\.m2\repository\org\flowable\flowable-job-spring-service\6.4.1\flowable-job-spring-service-6.4.1.jar;C:\Users\Stoeoeoe\.m2\repository\org\springframework\spring-orm\5.1.6.RELEASE\spring-orm-5.1.6.RELEASE.jar;C:\Users\Stoeoeoe\.m2\repository\org\flowable\flowable-spring-boot-starter-cmmn\6.4.1\flowable-spring-boot-starter-cmmn-6.4.1.jar;C:\Users\Stoeoeoe\.m2\repository\org\flowable\flowable-cmmn-engine\6.4.1\flowable-cmmn-engine-6.4.1.jar;C:\Users\Stoeoeoe\.m2\repository\org\flowable\flowable-cmmn-image-generator\6.4.1\flowable-cmmn-image-generator-6.4.1.jar;C:\Users\Stoeoeoe\.m2\repository\org\flowable\flowable-cmmn-converter\6.4.1\flowable-cmmn-converter-6.4.1.jar;C:\Users\Stoeoeoe\.m2\repository\org\flowable\flowable-cmmn-spring\6.4.1\flowable-cmmn-spring-6.4.1.jar;C:\Users\Stoeoeoe\.m2\repository\org\flowable\flowable-spring-boot-starter-dmn\6.4.1\flowable-spring-boot-starter-dmn-6.4.1.jar;C:\Users\Stoeoeoe\.m2\repository\org\flowable\flowable-dmn-engine\6.4.1\flowable-dmn-engine-6.4.1.jar;C:\Users\Stoeoeoe\.m2\repository\org\flowable\flowable-dmn-model\6.4.1\flowable-dmn-model-6.4.1.jar;C:\Users\Stoeoeoe\.m2\repository\org\flowable\flowable-dmn-xml-converter\6.4.1\flowable-dmn-xml-converter-6.4.1.jar;C:\Users\Stoeoeoe\.m2\repository\org\flowable\flowable-dmn-spring\6.4.1\flowable-dmn-spring-6.4.1.jar;C:\Users\Stoeoeoe\.m2\repository\org\springframework\boot\spring-boot-starter-jdbc\2.1.4.RELEASE\spring-boot-starter-jdbc-2.1.4.RELEASE.jar;C:\Users\Stoeoeoe\.m2\repository\com\zaxxer\HikariCP\3.2.0\HikariCP-3.2.0.jar;C:\Users\Stoeoeoe\.m2\repository\org\springframework\spring-jdbc\5.1.6.RELEASE\spring-jdbc-5.1.6.RELEASE.jar;C:\Users\Stoeoeoe\.m2\repository\org\flowable\flowable-spring-configurator\6.4.1\flowable-spring-configurator-6.4.1.jar;C:\Users\Stoeoeoe\.m2\repository\org\flowable\flowable-engine-configurator\6.4.1\flowable-engine-configurator-6.4.1.jar;C:\Users\Stoeoeoe\.m2\repository\org\flowable\flowable-cmmn-spring-configurator\6.4.1\flowable-cmmn-spring-configurator-6.4.1.jar;C:\Users\Stoeoeoe\.m2\repository\org\flowable\flowable-cmmn-engine-configurator\6.4.1\flowable-cmmn-engine-configurator-6.4.1.jar;C:\Users\Stoeoeoe\.m2\repository\org\flowable\flowable-dmn-spring-configurator\6.4.1\flowable-dmn-spring-configurator-6.4.1.jar;C:\Users\Stoeoeoe\.m2\repository\org\flowable\flowable-dmn-engine-configurator\6.4.1\flowable-dmn-engine-configurator-6.4.1.jar;C:\Users\Stoeoeoe\.m2\repository\org\flowable\flowable-form-spring-configurator\6.4.1\flowable-form-spring-configurator-6.4.1.jar;C:\Users\Stoeoeoe\.m2\repository\org\flowable\flowable-form-spring\6.4.1\flowable-form-spring-6.4.1.jar;C:\Users\Stoeoeoe\.m2\repository\org\flowable\flowable-form-engine-configurator\6.4.1\flowable-form-engine-configurator-6.4.1.jar;C:\Users\Stoeoeoe\.m2\repository\org\flowable\flowable-content-spring-configurator\6.4.1\flowable-content-spring-configurator-6.4.1.jar;C:\Users\Stoeoeoe\.m2\repository\org\flowable\flowable-content-spring\6.4.1\flowable-content-spring-6.4.1.jar;C:\Users\Stoeoeoe\.m2\repository\org\flowable\flowable-content-engine\6.4.1\flowable-content-engine-6.4.1.jar;C:\Users\Stoeoeoe\.m2\repository\org\flowable\flowable-content-engine-configurator\6.4.1\flowable-content-engine-configurator-6.4.1.jar;C:\Users\Stoeoeoe\.m2\repository\org\flowable\flowable-idm-spring-configurator\6.4.1\flowable-idm-spring-configurator-6.4.1.jar;C:\Users\Stoeoeoe\.m2\repository\org\flowable\flowable-spring-common\6.4.1\flowable-spring-common-6.4.1.jar;C:\Users\Stoeoeoe\.m2\repository\org\flowable\flowable-idm-spring\6.4.1\flowable-idm-spring-6.4.1.jar;C:\Users\Stoeoeoe\.m2\repository\org\flowable\flowable-idm-engine-configurator\6.4.1\flowable-idm-engine-configurator-6.4.1.jar;C:\Users\Stoeoeoe\.m2\repository\org\flowable\flowable-form-engine\6.4.1\flowable-form-engine-6.4.1.jar;C:\Users\Stoeoeoe\.m2\repository\org\flowable\flowable-form-model\6.4.1\flowable-form-model-6.4.1.jar;C:\Users\Stoeoeoe\.m2\repository\com\fasterxml\jackson\core\jackson-core\2.9.8\jackson-core-2.9.8.jar;C:\Users\Stoeoeoe\.m2\repository\com\fasterxml\jackson\core\jackson-databind\2.9.8\jackson-databind-2.9.8.jar;C:\Users\Stoeoeoe\.m2\repository\com\fasterxml\jackson\core\jackson-annotations\2.9.0\jackson-annotations-2.9.0.jar;C:\Users\Stoeoeoe\.m2\repository\org\flowable\flowable-form-api\6.4.1\flowable-form-api-6.4.1.jar;C:\Users\Stoeoeoe\.m2\repository\org\flowable\flowable-form-json-converter\6.4.1\flowable-form-json-converter-6.4.1.jar;C:\Users\Stoeoeoe\.m2\repository\org\flowable\flowable-engine-common-api\6.4.1\flowable-engine-common-api-6.4.1.jar;C:\Users\Stoeoeoe\.m2\repository\org\flowable\flowable-engine-common\6.4.1\flowable-engine-common-6.4.1.jar;C:\Users\Stoeoeoe\.m2\repository\org\flowable\flowable-variable-service-api\6.4.1\flowable-variable-service-api-6.4.1.jar;C:\Users\Stoeoeoe\.m2\repository\org\apache\commons\commons-lang3\3.8.1\commons-lang3-3.8.1.jar;C:\Users\Stoeoeoe\.m2\repository\commons-io\commons-io\2.6\commons-io-2.6.jar;C:\Users\Stoeoeoe\.m2\repository\commons-logging\commons-logging\1.2\commons-logging-1.2.jar;C:\Users\Stoeoeoe\.m2\repository\org\slf4j\slf4j-api\1.7.26\slf4j-api-1.7.26.jar;C:\Users\Stoeoeoe\.m2\repository\org\mybatis\mybatis\3.4.6\mybatis-3.4.6.jar;C:\Users\Stoeoeoe\.m2\repository\org\springframework\spring-beans\5.1.6.RELEASE\spring-beans-5.1.6.RELEASE.jar;C:\Users\Stoeoeoe\.m2\repository\joda-time\joda-time\2.10.1\joda-time-2.10.1.jar;C:\Users\Stoeoeoe\.m2\repository\com\fasterxml\uuid\java-uuid-generator\3.1.5\java-uuid-generator-3.1.5.jar;C:\Users\Stoeoeoe\.m2\repository\org\liquibase\liquibase-core\3.6.3\liquibase-core-3.6.3.jar;C:\Users\Stoeoeoe\.m2\repository\com\h2database\h2\1.4.199\h2-1.4.199.jar;C:\Users\Stoeoeoe\.m2\repository\org\junit\jupiter\junit-jupiter-api\5.3.2\junit-jupiter-api-5.3.2.jar;C:\Users\Stoeoeoe\.m2\repository\org\apiguardian\apiguardian-api\1.0.0\apiguardian-api-1.0.0.jar;C:\Users\Stoeoeoe\.m2\repository\org\opentest4j\opentest4j\1.1.1\opentest4j-1.1.1.jar;C:\Users\Stoeoeoe\.m2\repository\org\junit\platform\junit-platform-commons\1.3.2\junit-platform-commons-1.3.2.jar;"/>
    <property name="sun.cpu.endian" value="little"/>
    <property name="user.home" value="C:\Users\Stoeoeoe"/>
    <property name="user.language" value="en"/>
    <property name="java.specification.vendor" value="Oracle Corporation"/>
    <property name="java.home" value="C:\Program Files\Java\jdk1.8.0_152\jre"/>
    <property name="basedir" value="C:\Dev\Work\flowable-cucumber"/>
    <property name="file.separator" value="\"/>
    <property name="line.separator" value="&#10;"/>
    <property name="java.vm.specification.vendor" value="Oracle Corporation"/>
    <property name="java.specification.name" value="Java Platform API Specification"/>
    <property name="java.awt.graphicsenv" value="sun.awt.Win32GraphicsEnvironment"/>
    <property name="surefire.real.class.path" value="C:\Users\Stoeoeoe\AppData\Local\Temp\surefire5657738550857883654\surefirebooter4853735406524078638.jar"/>
    <property name="sun.boot.class.path" value="C:\Program Files\Java\jdk1.8.0_152\jre\lib\resources.jar;C:\Program Files\Java\jdk1.8.0_152\jre\lib\rt.jar;C:\Program Files\Java\jdk1.8.0_152\jre\lib\sunrsasign.jar;C:\Program Files\Java\jdk1.8.0_152\jre\lib\jsse.jar;C:\Program Files\Java\jdk1.8.0_152\jre\lib\jce.jar;C:\Program Files\Java\jdk1.8.0_152\jre\lib\charsets.jar;C:\Program Files\Java\jdk1.8.0_152\jre\lib\jfr.jar;C:\Program Files\Java\jdk1.8.0_152\jre\classes"/>
    <property name="user.script" value=""/>
    <property name="sun.management.compiler" value="HotSpot 64-Bit Tiered Compilers"/>
    <property name="java.runtime.version" value="1.8.0_152-b16"/>
    <property name="user.name" value="Stoeoeoe"/>
    <property name="path.separator" value=";"/>
    <property name="os.version" value="10.0"/>
    <property name="java.endorsed.dirs" value="C:\Program Files\Java\jdk1.8.0_152\jre\lib\endorsed"/>
    <property name="java.runtime.name" value="Java(TM) SE Runtime Environment"/>
    <property name="file.encoding" value="Cp1252"/>
    <property name="java.vm.name" value="Java HotSpot(TM) 64-Bit Server VM"/>
    <property name="localRepository" value="C:\Users\Stoeoeoe\.m2\repository"/>
    <property name="java.vendor.url.bug" value="http://bugreport.sun.com/bugreport/"/>
    <property name="java.io.tmpdir" value="C:\Users\Stoeoeoe\AppData\Local\Temp\"/>
    <property name="idea.version" value="2018.3"/>
    <property name="java.version" value="1.8.0_152"/>
    <property name="user.dir" value="C:\Dev\Work\flowable-cucumber"/>
    <property name="os.arch" value="amd64"/>
    <property name="java.vm.specification.name" value="Java Virtual Machine Specification"/>
    <property name="java.awt.printerjob" value="sun.awt.windows.WPrinterJob"/>
    <property name="sun.os.patch.level" value=""/>
    <property name="java.library.path" value="C:\Program Files\Java\jdk1.8.0_152\jre\bin;C:\WINDOWS\Sun\Java\bin;C:\WINDOWS\system32;C:\WINDOWS;C:\Program Files\Docker\Docker\Resources\bin;C:\Program Files (x86)\Common Files\Oracle\Java\javapath;C:\ProgramData\Oracle\Java\javapath;C:\Program Files (x86)\Intel\iCLS Client\;C:\Program Files\Intel\iCLS Client\;C:\Program Files\Broadcom\Broadcom 802.11 Network Adapter;C:\WINDOWS\system32;C:\WINDOWS;C:\WINDOWS\System32\Wbem;C:\WINDOWS\System32\WindowsPowerShell\v1.0\;C:\Program Files (x86)\Intel\Intel(R) Management Engine Components\DAL;C:\Program Files\Intel\Intel(R) Management Engine Components\DAL;C:\Program Files (x86)\Intel\Intel(R) Management Engine Components\IPT;C:\Program Files\Intel\Intel(R) Management Engine Components\IPT;C:\ProgramData\chocolatey\bin;C:\Program Files\Java\jdk1.8.0_152\bin;C:\WINDOWS\System32\OpenSSH\;C:\Program Files\Git\cmd;C:\Program Files\dotnet\;C:\Program Files\Microsoft SQL Server\130\Tools\Binn\;C:\Android\android-sdk\tools;C:\Android\android-sdk\platform-tools;C:\tools\python;C:\Program Files\LLVM\bin;C:\Program Files\Liquid Technologies\Liquid Studio 2018\XmlDataBinder16\Redist16\cpp\win32\bin;C:\Program Files\Liquid Technologies\Liquid Studio 2018\XmlDataBinder16\Redist16\cpp\win64\bin;C:\Program Files (x86)\NVIDIA Corporation\PhysX\Common;C:\Program Files\Microsoft VS Code\bin;C:\Program Files\NVIDIA Corporation\NVIDIA NvDLISR;C:\Program Files\nodejs\;C:\WINDOWS\system32;C:\WINDOWS;C:\WINDOWS\System32\Wbem;C:\WINDOWS\System32\WindowsPowerShell\v1.0\;C:\WINDOWS\System32\OpenSSH\;C:\Program Files\Git LFS;%USERPROFILE%\AppData\Local\Microsoft\WindowsApps;C:\Program Files\Microsoft VS Code\bin;C:\Program Files\Oracle\VirtualBox;C:\tools\python;C:\Program Files\LLVM\bin;;C:\Program Files (x86)\Nmap;C:\Users\Stoeoeoe\AppData\Roaming\npm;C:\Users\Stoeoeoe\AppData\Local\hyper\app-2.1.1\resources\bin;."/>
    <property name="java.vm.info" value="mixed mode"/>
    <property name="java.vendor" value="Oracle Corporation"/>
    <property name="java.vm.version" value="25.152-b16"/>
    <property name="java.ext.dirs" value="C:\Program Files\Java\jdk1.8.0_152\jre\lib\ext;C:\WINDOWS\Sun\Java\lib\ext"/>
    <property name="sun.io.unicode.encoding" value="UnicodeLittle"/>
    <property name="java.class.version" value="52.0"/>
  </properties>
  <testcase name="contextLoads" classname="com.flowable.testing.cucumbertest.CucumberTestApplicationTests" time="0.188"/>
</testsuite>